c:\users\allan\onedrive\desktop\22s_gam1544\game and graphics\a1\intermediate files\gamedev2d-gam1544\debug\gamedev2d-gam1544.pch
c:\users\allan\onedrive\desktop\22s_gam1544\game and graphics\a1\intermediate files\gamedev2d-gam1544\debug\vc142.pdb
c:\users\allan\onedrive\desktop\22s_gam1544\game and graphics\a1\intermediate files\gamedev2d-gam1544\debug\vc142.idb
c:\users\allan\onedrive\desktop\22s_gam1544\game and graphics\a1\intermediate files\gamedev2d-gam1544\debug\stdafx.obj
c:\users\allan\onedrive\desktop\22s_gam1544\game and graphics\a1\intermediate files\gamedev2d-gam1544\debug\pointrenderer.obj
c:\users\allan\onedrive\desktop\22s_gam1544\game and graphics\a1\intermediate files\gamedev2d-gam1544\debug\linerenderer.obj
c:\users\allan\onedrive\desktop\22s_gam1544\game and graphics\a1\intermediate files\gamedev2d-gam1544\debug\irenderer.obj
c:\users\allan\onedrive\desktop\22s_gam1544\game and graphics\a1\intermediate files\gamedev2d-gam1544\debug\graphics.obj
c:\users\allan\onedrive\desktop\22s_gam1544\game and graphics\a1\intermediate files\gamedev2d-gam1544\debug\font.obj
c:\users\allan\onedrive\desktop\22s_gam1544\game and graphics\a1\intermediate files\gamedev2d-gam1544\debug\color.obj
c:\users\allan\onedrive\desktop\22s_gam1544\game and graphics\a1\intermediate files\gamedev2d-gam1544\debug\circlerenderer.obj
c:\users\allan\onedrive\desktop\22s_gam1544\game and graphics\a1\intermediate files\gamedev2d-gam1544\debug\camera.obj
c:\users\allan\onedrive\desktop\22s_gam1544\game and graphics\a1\intermediate files\gamedev2d-gam1544\debug\buffer.obj
c:\users\allan\onedrive\desktop\22s_gam1544\game and graphics\a1\intermediate files\gamedev2d-gam1544\debug\batchrenderer.obj
c:\users\allan\onedrive\desktop\22s_gam1544\game and graphics\a1\intermediate files\gamedev2d-gam1544\debug\animatedsprite.obj
c:\users\allan\onedrive\desktop\22s_gam1544\game and graphics\a1\intermediate files\gamedev2d-gam1544\debug\gamedev2d.obj
c:\users\allan\onedrive\desktop\22s_gam1544\game and graphics\a1\intermediate files\gamedev2d-gam1544\debug\profile.obj
c:\users\allan\onedrive\desktop\22s_gam1544\game and graphics\a1\intermediate files\gamedev2d-gam1544\debug\log.obj
c:\users\allan\onedrive\desktop\22s_gam1544\game and graphics\a1\intermediate files\gamedev2d-gam1544\debug\debugui.obj
c:\users\allan\onedrive\desktop\22s_gam1544\game and graphics\a1\intermediate files\gamedev2d-gam1544\debug\audioengine.obj
c:\users\allan\onedrive\desktop\22s_gam1544\game and graphics\a1\intermediate files\gamedev2d-gam1544\debug\audio.obj
c:\users\allan\onedrive\desktop\22s_gam1544\game and graphics\a1\intermediate files\gamedev2d-gam1544\debug\gameloop.obj
c:\users\allan\onedrive\desktop\22s_gam1544\game and graphics\a1\intermediate files\gamedev2d-gam1544\debug\config.obj
c:\users\allan\onedrive\desktop\22s_gam1544\game and graphics\a1\intermediate files\gamedev2d-gam1544\debug\application.obj
c:\users\allan\onedrive\desktop\22s_gam1544\game and graphics\a1\intermediate files\gamedev2d-gam1544\debug\filesystem.obj
c:\users\allan\onedrive\desktop\22s_gam1544\game and graphics\a1\intermediate files\gamedev2d-gam1544\debug\gamewindow.obj
c:\users\allan\onedrive\desktop\22s_gam1544\game and graphics\a1\intermediate files\gamedev2d-gam1544\debug\vector2.obj
c:\users\allan\onedrive\desktop\22s_gam1544\game and graphics\a1\intermediate files\gamedev2d-gam1544\debug\transformable.obj
c:\users\allan\onedrive\desktop\22s_gam1544\game and graphics\a1\intermediate files\gamedev2d-gam1544\debug\random.obj
c:\users\allan\onedrive\desktop\22s_gam1544\game and graphics\a1\intermediate files\gamedev2d-gam1544\debug\matrix.obj
c:\users\allan\onedrive\desktop\22s_gam1544\game and graphics\a1\intermediate files\gamedev2d-gam1544\debug\math.obj
c:\users\allan\onedrive\desktop\22s_gam1544\game and graphics\a1\intermediate files\gamedev2d-gam1544\debug\linesegment.obj
c:\users\allan\onedrive\desktop\22s_gam1544\game and graphics\a1\intermediate files\gamedev2d-gam1544\debug\aabb.obj
c:\users\allan\onedrive\desktop\22s_gam1544\game and graphics\a1\intermediate files\gamedev2d-gam1544\debug\mouse.obj
c:\users\allan\onedrive\desktop\22s_gam1544\game and graphics\a1\intermediate files\gamedev2d-gam1544\debug\keyboard.obj
c:\users\allan\onedrive\desktop\22s_gam1544\game and graphics\a1\intermediate files\gamedev2d-gam1544\debug\inputmanager.obj
c:\users\allan\onedrive\desktop\22s_gam1544\game and graphics\a1\intermediate files\gamedev2d-gam1544\debug\gamepad.obj
c:\users\allan\onedrive\desktop\22s_gam1544\game and graphics\a1\intermediate files\gamedev2d-gam1544\debug\vertexarray.obj
c:\users\allan\onedrive\desktop\22s_gam1544\game and graphics\a1\intermediate files\gamedev2d-gam1544\debug\texture.obj
c:\users\allan\onedrive\desktop\22s_gam1544\game and graphics\a1\intermediate files\gamedev2d-gam1544\debug\spriterenderer.obj
c:\users\allan\onedrive\desktop\22s_gam1544\game and graphics\a1\intermediate files\gamedev2d-gam1544\debug\spritefont.obj
c:\users\allan\onedrive\desktop\22s_gam1544\game and graphics\a1\intermediate files\gamedev2d-gam1544\debug\spriteatlas.obj
c:\users\allan\onedrive\desktop\22s_gam1544\game and graphics\a1\intermediate files\gamedev2d-gam1544\debug\sprite.obj
c:\users\allan\onedrive\desktop\22s_gam1544\game and graphics\a1\intermediate files\gamedev2d-gam1544\debug\shader.obj
c:\users\allan\onedrive\desktop\22s_gam1544\game and graphics\a1\intermediate files\gamedev2d-gam1544\debug\main.obj
c:\users\allan\onedrive\desktop\22s_gam1544\game and graphics\a1\intermediate files\gamedev2d-gam1544\debug\ship.obj
c:\users\allan\onedrive\desktop\22s_gam1544\game and graphics\a1\intermediate files\gamedev2d-gam1544\debug\game.obj
c:\users\allan\onedrive\desktop\22s_gam1544\game and graphics\a1\intermediate files\gamedev2d-gam1544\debug\astroid.obj
c:\users\allan\onedrive\desktop\22s_gam1544\game and graphics\a1\intermediate files\gamedev2d-gam1544\debug\stb_image.obj
c:\users\allan\onedrive\desktop\22s_gam1544\game and graphics\a1\intermediate files\gamedev2d-gam1544\debug\json_writer.obj
c:\users\allan\onedrive\desktop\22s_gam1544\game and graphics\a1\intermediate files\gamedev2d-gam1544\debug\json_value.obj
c:\users\allan\onedrive\desktop\22s_gam1544\game and graphics\a1\intermediate files\gamedev2d-gam1544\debug\json_reader.obj
c:\users\allan\onedrive\desktop\22s_gam1544\game and graphics\a1\intermediate files\gamedev2d-gam1544\debug\wave.obj
c:\users\allan\onedrive\desktop\22s_gam1544\game and graphics\a1\intermediate files\gamedev2d-gam1544\debug\text.obj
c:\users\allan\onedrive\desktop\22s_gam1544\game and graphics\a1\intermediate files\gamedev2d-gam1544\debug\png.obj
c:\users\allan\onedrive\desktop\22s_gam1544\game and graphics\a1\intermediate files\gamedev2d-gam1544\debug\resourcemanager.obj
c:\users\allan\onedrive\desktop\22s_gam1544\game and graphics\a1\intermediate files\gamedev2d-gam1544\debug\hardwareinfo.obj
c:\users\allan\onedrive\desktop\22s_gam1544\game and graphics\a1\intermediate files\gamedev2d-gam1544\debug\glad.obj
c:\users\allan\onedrive\desktop\22s_gam1544\game and graphics\a1\builds\gamedev2d-gam1544\debug\gamedev2d-gam1544.exe
c:\users\allan\onedrive\desktop\22s_gam1544\game and graphics\a1\intermediate files\gamedev2d-gam1544\debug\gamedev2d-gam1544.ilk
c:\users\allan\onedrive\desktop\22s_gam1544\game and graphics\a1\builds\gamedev2d-gam1544\debug\gamedev2d-gam1544.pdb
c:\users\allan\onedrive\desktop\22s_gam1544\game and graphics\a1\intermediate files\gamedev2d-gam1544\debug\gamedev2.5b4f3ae6.tlog\cl.command.1.tlog
c:\users\allan\onedrive\desktop\22s_gam1544\game and graphics\a1\intermediate files\gamedev2d-gam1544\debug\gamedev2.5b4f3ae6.tlog\cl.read.1.tlog
c:\users\allan\onedrive\desktop\22s_gam1544\game and graphics\a1\intermediate files\gamedev2d-gam1544\debug\gamedev2.5b4f3ae6.tlog\cl.write.1.tlog
c:\users\allan\onedrive\desktop\22s_gam1544\game and graphics\a1\intermediate files\gamedev2d-gam1544\debug\gamedev2.5b4f3ae6.tlog\link.command.1.tlog
c:\users\allan\onedrive\desktop\22s_gam1544\game and graphics\a1\intermediate files\gamedev2d-gam1544\debug\gamedev2.5b4f3ae6.tlog\link.read.1.tlog
c:\users\allan\onedrive\desktop\22s_gam1544\game and graphics\a1\intermediate files\gamedev2d-gam1544\debug\gamedev2.5b4f3ae6.tlog\link.write.1.tlog
